

Microchip Technology PIC18 LITE Macro Assembler V1.33 build 59893 
                                                                                               Thu Feb 26 17:15:05 2015

Microchip Technology Omniscient Code Generator (Lite mode) build 59893
     1                           	processor	18F4550
     2                           	fnconf	rparam,??,?,0
     3                           	opt	pw 120
     4                           	opt	lm
     5                           	psect	intcodelo,global,reloc=2,class=CODE,delta=1
     6                           	psect	cinit,global,reloc=2,class=CODE,delta=1
     7                           	psect	cstackCOMRAM,global,class=COMRAM,space=1,delta=1
     8                           	psect	text0,global,reloc=2,class=CODE,delta=1
     9                           	psect	text1,global,reloc=2,class=CODE,delta=1
    10                           	psect	text2,global,reloc=2,class=CODE,delta=1
    11                           	psect	text3,global,reloc=2,class=CODE,delta=1
    12                           	psect	intcode,global,reloc=2,class=CODE,delta=1
    13                           	psect	intcode_body,global,reloc=2,class=CODE,delta=1
    14                           	psect	intsave_regs,global,class=BIGRAM,space=1,delta=1
    15                           	psect	rparam,global,class=COMRAM,space=1,delta=1
    16  0000                     _ADCON0	set	4034
    17  0000                     _ADCON1	set	4033
    18  0000                     _CMCON	set	4020
    19  0000                     _PIR1bits	set	3998
    20  0000                     _PORTD	set	3971
    21  0000                     _PORTDbits	set	3971
    22  0000                     _PORTEbits	set	3972
    23  0000                     _SPPCON	set	3941
    24  0000                     _SSPBUF	set	4041
    25  0000                     _SSPCON1	set	4038
    26  0000                     _SSPCON1bits	set	4038
    27  0000                     _SSPSTAT	set	4039
    28  0000                     _SSPSTATbits	set	4039
    29  0000                     _TRISA	set	3986
    30  0000                     _TRISAbits	set	3986
    31  0000                     _TRISB	set	3987
    32  0000                     _TRISBbits	set	3987
    33  0000                     _TRISC	set	3988
    34  0000                     _TRISCbits	set	3988
    35  0000                     _TRISD	set	3989
    36  0000                     _TRISDbits	set	3989
    37  0000                     _TRISEbits	set	3990
    38                           
    39 ;; *************** function _low_isr *****************
    40 ;; Defined at:
    41 ;;		line 67 in file "interrupts.c"
    42 ;; Parameters:    Size  Location     Type
    43 ;;		None
    44 ;; Auto vars:     Size  Location     Type
    45 ;;		None
    46 ;; Return value:  Size  Location     Type
    47 ;;		None               void
    48 ;; Registers used:
    49 ;;		None
    50 ;; Tracked objects:
    51 ;;		On entry : 0/0
    52 ;;		On exit  : 0/0
    53 ;;		Unchanged: 0/0
    54 ;; Data sizes:     COMRAM   BANK0   BANK1   BANK2   BANK3   BANK4   BANK5   BANK6   BANK7
    55 ;;      Params:         0       0       0       0       0       0       0       0       0
    56 ;;      Locals:         0       0       0       0       0       0       0       0       0
    57 ;;      Temps:         17       0       0       0       0       0       0       0       0
    58 ;;      Totals:        17       0       0       0       0       0       0       0       0
    59 ;;Total ram usage:       17 bytes
    60 ;; Hardware stack levels used:    1
    61 ;; Hardware stack levels required when called:    1
    62 ;; This function calls:
    63 ;;		Nothing
    64 ;; This function is called by:
    65 ;;		Interrupt level 1
    66 ;; This function uses a non-reentrant model
    67 ;;
    68                           
    69                           	psect	intcodelo
    70  000018                     __pintcodelo:
    71                           	opt stack 0
    72                           
    73                           ; #config settings
    74  000018                     _low_isr:
    75                           	opt stack 26
    76                           
    77                           ;incstack = 0
    78  000018  CFD8 F001          	movff	status,??_low_isr
    79  00001C  CFE8 F002          	movff	wreg,??_low_isr+1
    80  000020  CFE0 F003          	movff	bsr,??_low_isr+2
    81  000024  CFFA F004          	movff	pclath,??_low_isr+3
    82  000028  CFFB F005          	movff	pclatu,??_low_isr+4
    83  00002C  CFE9 F006          	movff	fsr0l,??_low_isr+5
    84  000030  CFEA F007          	movff	fsr0h,??_low_isr+6
    85  000034  CFE1 F008          	movff	fsr1l,??_low_isr+7
    86  000038  CFE2 F009          	movff	fsr1h,??_low_isr+8
    87  00003C  CFD9 F00A          	movff	fsr2l,??_low_isr+9
    88  000040  CFDA F00B          	movff	fsr2h,??_low_isr+10
    89  000044  CFF3 F00C          	movff	prodl,??_low_isr+11
    90  000048  CFF4 F00D          	movff	prodh,??_low_isr+12
    91  00004C  CFF6 F00E          	movff	tblptrl,??_low_isr+13
    92  000050  CFF7 F00F          	movff	tblptrh,??_low_isr+14
    93  000054  CFF8 F010          	movff	tblptru,??_low_isr+15
    94  000058  CFF5 F011          	movff	tablat,??_low_isr+16
    95  00005C  C011  FFF5         	movff	??_low_isr+16,tablat
    96  000060  C010  FFF8         	movff	??_low_isr+15,tblptru
    97  000064  C00F  FFF7         	movff	??_low_isr+14,tblptrh
    98  000068  C00E  FFF6         	movff	??_low_isr+13,tblptrl
    99  00006C  C00D  FFF4         	movff	??_low_isr+12,prodh
   100  000070  C00C  FFF3         	movff	??_low_isr+11,prodl
   101  000074  C00B  FFDA         	movff	??_low_isr+10,fsr2h
   102  000078  C00A  FFD9         	movff	??_low_isr+9,fsr2l
   103  00007C  C009  FFE2         	movff	??_low_isr+8,fsr1h
   104  000080  C008  FFE1         	movff	??_low_isr+7,fsr1l
   105  000084  C007  FFEA         	movff	??_low_isr+6,fsr0h
   106  000088  C006  FFE9         	movff	??_low_isr+5,fsr0l
   107  00008C  C005  FFFB         	movff	??_low_isr+4,pclatu
   108  000090  C004  FFFA         	movff	??_low_isr+3,pclath
   109  000094  C003  FFE0         	movff	??_low_isr+2,bsr
   110  000098  C002  FFE8         	movff	??_low_isr+1,wreg
   111  00009C  C001  FFD8         	movff	??_low_isr,status
   112  0000A0  0010               	retfie	
   113  0000A2                     __end_of_low_isr:
   114                           	opt stack 0
   115                           pclatu	equ	0xFFB
   116                           pclath	equ	0xFFA
   117                           tblptru	equ	0xFF8
   118                           tblptrh	equ	0xFF7
   119                           tblptrl	equ	0xFF6
   120                           tablat	equ	0xFF5
   121                           prodh	equ	0xFF4
   122                           prodl	equ	0xFF3
   123                           fsr0h	equ	0xFEA
   124                           fsr0l	equ	0xFE9
   125                           wreg	equ	0xFE8
   126                           fsr1h	equ	0xFE2
   127                           fsr1l	equ	0xFE1
   128                           bsr	equ	0xFE0
   129                           fsr2h	equ	0xFDA
   130                           fsr2l	equ	0xFD9
   131                           status	equ	0xFD8
   132                           
   133                           	psect	cinit
   134  0001BE                     __pcinit:
   135                           	opt stack 0
   136  0001BE                     start_initialization:
   137                           	opt stack 0
   138  0001BE                     __initialization:
   139                           	opt stack 0
   140  0001BE                     end_of_initialization:
   141                           	opt stack 0
   142  0001BE                     __end_of__initialization:
   143                           	opt stack 0
   144  0001BE  0E00               	movlw	low (__Lmediumconst shr (0+16))
   145  0001C0  6EF8               	movwf	tblptru,c
   146  0001C2  0100               	movlb	0
   147  0001C4  EFB2  F000         	goto	_main	;jump to C main() function
   148                           pclatu	equ	0xFFB
   149                           pclath	equ	0xFFA
   150                           tblptru	equ	0xFF8
   151                           tblptrh	equ	0xFF7
   152                           tblptrl	equ	0xFF6
   153                           tablat	equ	0xFF5
   154                           prodh	equ	0xFF4
   155                           prodl	equ	0xFF3
   156                           fsr0h	equ	0xFEA
   157                           fsr0l	equ	0xFE9
   158                           wreg	equ	0xFE8
   159                           fsr1h	equ	0xFE2
   160                           fsr1l	equ	0xFE1
   161                           bsr	equ	0xFE0
   162                           fsr2h	equ	0xFDA
   163                           fsr2l	equ	0xFD9
   164                           status	equ	0xFD8
   165                           
   166                           	psect	cstackCOMRAM
   167  000001                     __pcstackCOMRAM:
   168                           	opt stack 0
   169  000001                     ??_low_isr:
   170  000001                     
   171                           ; 1 bytes @ 0x0
   172  000001                     	ds	17
   173  000012                     ??_high_isr:
   174                           
   175                           ; 0 bytes @ 0x11
   176  000012                     	ds	14
   177  000020                     OpenSPI@bus_mode:
   178                           	opt stack 0
   179  000020                     WriteSPI@TempVar:
   180                           	opt stack 0
   181                           
   182                           ; 1 bytes @ 0x1F
   183  000020                     	ds	1
   184  000021                     OpenSPI@smp_phase:
   185                           	opt stack 0
   186  000021                     WriteSPI@data_out:
   187                           	opt stack 0
   188                           
   189                           ; 1 bytes @ 0x20
   190  000021                     	ds	1
   191  000022                     ??_send_data:
   192  000022                     OpenSPI@sync_mode:
   193                           	opt stack 0
   194                           
   195                           ; 1 bytes @ 0x21
   196  000022                     	ds	1
   197  000023                     pclatu	equ	0xFFB
   198                           pclath	equ	0xFFA
   199                           tblptru	equ	0xFF8
   200                           tblptrh	equ	0xFF7
   201                           tblptrl	equ	0xFF6
   202                           tablat	equ	0xFF5
   203                           prodh	equ	0xFF4
   204                           prodl	equ	0xFF3
   205                           fsr0h	equ	0xFEA
   206                           fsr0l	equ	0xFE9
   207                           wreg	equ	0xFE8
   208                           fsr1h	equ	0xFE2
   209                           fsr1l	equ	0xFE1
   210                           bsr	equ	0xFE0
   211                           fsr2h	equ	0xFDA
   212                           fsr2l	equ	0xFD9
   213                           status	equ	0xFD8
   214                           
   215                           ; 0 bytes @ 0x22
   216 ;;
   217 ;;Main: autosize = 0, tempsize = 0, incstack = 0, save=0
   218 ;;
   219 ;; *************** function _main *****************
   220 ;; Defined at:
   221 ;;		line 27 in file "mainp18.c"
   222 ;; Parameters:    Size  Location     Type
   223 ;;		None
   224 ;; Auto vars:     Size  Location     Type
   225 ;;		None
   226 ;; Return value:  Size  Location     Type
   227 ;;		None               void
   228 ;; Registers used:
   229 ;;		wreg, status,2, status,0, cstack
   230 ;; Tracked objects:
   231 ;;		On entry : 0/0
   232 ;;		On exit  : 0/0
   233 ;;		Unchanged: 0/0
   234 ;; Data sizes:     COMRAM   BANK0   BANK1   BANK2   BANK3   BANK4   BANK5   BANK6   BANK7
   235 ;;      Params:         0       0       0       0       0       0       0       0       0
   236 ;;      Locals:         0       0       0       0       0       0       0       0       0
   237 ;;      Temps:          0       0       0       0       0       0       0       0       0
   238 ;;      Totals:         0       0       0       0       0       0       0       0       0
   239 ;;Total ram usage:        0 bytes
   240 ;; Hardware stack levels required when called:    4
   241 ;; This function calls:
   242 ;;		_OpenSPI
   243 ;;		_send_data
   244 ;; This function is called by:
   245 ;;		Startup code after reset
   246 ;; This function uses a non-reentrant model
   247 ;;
   248                           
   249                           	psect	text0
   250  000164                     __ptext0:
   251                           	opt stack 0
   252  000164                     _main:
   253                           	opt stack 26
   254                           
   255                           ;mainp18.c: 29: OpenSPI(0b00000001, 0b00000000, 0b00000000);
   256                           
   257                           ;incstack = 0
   258  000164  0E00               	movlw	0
   259  000166  6E20               	movwf	OpenSPI@bus_mode,c
   260  000168  0E00               	movlw	0
   261  00016A  6E21               	movwf	OpenSPI@smp_phase,c
   262  00016C  0E01               	movlw	1
   263  00016E  EC87  F000         	call	_OpenSPI
   264                           
   265                           ;mainp18.c: 31: TRISDbits.RD1 = 0;
   266  000172  9295               	bcf	3989,1,c	;volatile
   267                           
   268                           ;mainp18.c: 33: TRISEbits.RE0 = 0;
   269  000174  9096               	bcf	3990,0,c	;volatile
   270                           
   271                           ;mainp18.c: 34: PORTEbits.RE0 = 1;
   272  000176  8084               	bsf	3972,0,c	;volatile
   273                           
   274                           ;mainp18.c: 35: TRISEbits.RE1 = 0;
   275  000178  9296               	bcf	3990,1,c	;volatile
   276                           
   277                           ;mainp18.c: 39: send_data(0xFF);
   278  00017A  0EFF               	movlw	255
   279  00017C  ECC3  F000         	call	_send_data
   280                           
   281                           ;mainp18.c: 42: PORTDbits.RD1 = 0;
   282  000180  9283               	bcf	3971,1,c	;volatile
   283  000182  EF51  F000         	goto	start
   284  000186                     __end_of_main:
   285                           	opt stack 0
   286                           pclatu	equ	0xFFB
   287                           pclath	equ	0xFFA
   288                           tblptru	equ	0xFF8
   289                           tblptrh	equ	0xFF7
   290                           tblptrl	equ	0xFF6
   291                           tablat	equ	0xFF5
   292                           prodh	equ	0xFF4
   293                           prodl	equ	0xFF3
   294                           fsr0h	equ	0xFEA
   295                           fsr0l	equ	0xFE9
   296                           wreg	equ	0xFE8
   297                           fsr1h	equ	0xFE2
   298                           fsr1l	equ	0xFE1
   299                           bsr	equ	0xFE0
   300                           fsr2h	equ	0xFDA
   301                           fsr2l	equ	0xFD9
   302                           status	equ	0xFD8
   303                           
   304 ;; *************** function _send_data *****************
   305 ;; Defined at:
   306 ;;		line 71 in file "mainp18.c"
   307 ;; Parameters:    Size  Location     Type
   308 ;;  tx_data         1    wreg     unsigned char 
   309 ;; Auto vars:     Size  Location     Type
   310 ;;  tx_data         1    0[COMRAM] unsigned char 
   311 ;; Return value:  Size  Location     Type
   312 ;;		None               void
   313 ;; Registers used:
   314 ;;		wreg, cstack
   315 ;; Tracked objects:
   316 ;;		On entry : 0/0
   317 ;;		On exit  : 0/0
   318 ;;		Unchanged: 0/0
   319 ;; Data sizes:     COMRAM   BANK0   BANK1   BANK2   BANK3   BANK4   BANK5   BANK6   BANK7
   320 ;;      Params:         0       0       0       0       0       0       0       0       0
   321 ;;      Locals:         0       0       0       0       0       0       0       0       0
   322 ;;      Temps:          1       0       0       0       0       0       0       0       0
   323 ;;      Totals:         1       0       0       0       0       0       0       0       0
   324 ;;Total ram usage:        1 bytes
   325 ;; Hardware stack levels used:    1
   326 ;; Hardware stack levels required when called:    3
   327 ;; This function calls:
   328 ;;		_WriteSPI
   329 ;; This function is called by:
   330 ;;		_main
   331 ;; This function uses a non-reentrant model
   332 ;;
   333                           
   334                           	psect	text1
   335  000186                     __ptext1:
   336                           	opt stack 0
   337  000186                     _send_data:
   338                           	opt stack 26
   339                           
   340                           ;mainp18.c: 73: PORTEbits.RE0 = 1;
   341                           
   342                           ;incstack = 0
   343  000186  8084               	bsf	3972,0,c	;volatile
   344                           
   345                           ;mainp18.c: 74: PORTEbits.RE1 = 0;
   346  000188  9284               	bcf	3972,1,c	;volatile
   347                           
   348                           ;mainp18.c: 75: WriteSPI(0xFF);
   349  00018A  0EFF               	movlw	255
   350  00018C  ECD3  F000         	call	_WriteSPI
   351                           
   352                           ;mainp18.c: 78: PORTEbits.RE1 = 1;
   353  000190  8284               	bsf	3972,1,c	;volatile
   354                           
   355                           ;mainp18.c: 79: _delay((unsigned long)((10)*(16000000/4000.0)));
   356  000192  0E34               	movlw	52
   357  000194  6E22               	movwf	??_send_data& (0+255),c
   358  000196  0EF2               	movlw	242
   359  000198                     u67:
   360  000198  2EE8               	decfsz	wreg,f,c
   361  00019A  D7FE               	goto	u67
   362  00019C  2E22               	decfsz	??_send_data& (0+255),f,c
   363  00019E  D7FC               	goto	u67
   364                           
   365                           ;mainp18.c: 80: PORTEbits.RE1 = 0;
   366  0001A0  9284               	bcf	3972,1,c	;volatile
   367                           
   368                           ;mainp18.c: 81: PORTEbits.RE0 = 0;
   369  0001A2  9084               	bcf	3972,0,c	;volatile
   370  0001A4  0012               	return	
   371  0001A6                     __end_of_send_data:
   372                           	opt stack 0
   373                           pclatu	equ	0xFFB
   374                           pclath	equ	0xFFA
   375                           tblptru	equ	0xFF8
   376                           tblptrh	equ	0xFF7
   377                           tblptrl	equ	0xFF6
   378                           tablat	equ	0xFF5
   379                           prodh	equ	0xFF4
   380                           prodl	equ	0xFF3
   381                           fsr0h	equ	0xFEA
   382                           fsr0l	equ	0xFE9
   383                           wreg	equ	0xFE8
   384                           fsr1h	equ	0xFE2
   385                           fsr1l	equ	0xFE1
   386                           bsr	equ	0xFE0
   387                           fsr2h	equ	0xFDA
   388                           fsr2l	equ	0xFD9
   389                           status	equ	0xFD8
   390                           
   391 ;; *************** function _WriteSPI *****************
   392 ;; Defined at:
   393 ;;		line 13 in file "C:\Program Files (x86)\Microchip\xc8\v1.33\sources\pic18\plib\SPI\spi_writ.c"
   394 ;; Parameters:    Size  Location     Type
   395 ;;  data_out        1    wreg     unsigned char 
   396 ;; Auto vars:     Size  Location     Type
   397 ;;  data_out        1   32[COMRAM] unsigned char 
   398 ;;  TempVar         1   31[COMRAM] unsigned char 
   399 ;; Return value:  Size  Location     Type
   400 ;;                  1    wreg      char 
   401 ;; Registers used:
   402 ;;		wreg
   403 ;; Tracked objects:
   404 ;;		On entry : 0/0
   405 ;;		On exit  : 0/0
   406 ;;		Unchanged: 0/0
   407 ;; Data sizes:     COMRAM   BANK0   BANK1   BANK2   BANK3   BANK4   BANK5   BANK6   BANK7
   408 ;;      Params:         0       0       0       0       0       0       0       0       0
   409 ;;      Locals:         2       0       0       0       0       0       0       0       0
   410 ;;      Temps:          0       0       0       0       0       0       0       0       0
   411 ;;      Totals:         2       0       0       0       0       0       0       0       0
   412 ;;Total ram usage:        2 bytes
   413 ;; Hardware stack levels used:    1
   414 ;; Hardware stack levels required when called:    2
   415 ;; This function calls:
   416 ;;		Nothing
   417 ;; This function is called by:
   418 ;;		_send_data
   419 ;; This function uses a non-reentrant model
   420 ;;
   421                           
   422                           	psect	text2
   423  0001A6                     __ptext2:
   424                           	opt stack 0
   425  0001A6                     _WriteSPI:
   426                           	opt stack 26
   427                           
   428                           ;incstack = 0
   429                           ;WriteSPI@data_out stored from wreg
   430  0001A6  6E21               	movwf	WriteSPI@data_out,c
   431  0001A8  CFC9 F020          	movff	4041,WriteSPI@TempVar	;volatile
   432  0001AC  969E               	bcf	3998,3,c	;volatile
   433  0001AE  9EC6               	bcf	4038,7,c	;volatile
   434  0001B0  C021  FFC9         	movff	WriteSPI@data_out,4041	;volatile
   435  0001B4  BEC6               	btfsc	4038,7,c	;volatile
   436  0001B6  D002               	goto	l107
   437  0001B8                     l109:
   438  0001B8  A69E               	btfss	3998,3,c	;volatile
   439  0001BA  D7FE               	goto	l109
   440  0001BC                     l107:
   441  0001BC  0012               	return	
   442  0001BE                     __end_of_WriteSPI:
   443                           	opt stack 0
   444                           pclatu	equ	0xFFB
   445                           pclath	equ	0xFFA
   446                           tblptru	equ	0xFF8
   447                           tblptrh	equ	0xFF7
   448                           tblptrl	equ	0xFF6
   449                           tablat	equ	0xFF5
   450                           prodh	equ	0xFF4
   451                           prodl	equ	0xFF3
   452                           fsr0h	equ	0xFEA
   453                           fsr0l	equ	0xFE9
   454                           wreg	equ	0xFE8
   455                           fsr1h	equ	0xFE2
   456                           fsr1l	equ	0xFE1
   457                           bsr	equ	0xFE0
   458                           fsr2h	equ	0xFDA
   459                           fsr2l	equ	0xFD9
   460                           status	equ	0xFD8
   461                           
   462 ;; *************** function _OpenSPI *****************
   463 ;; Defined at:
   464 ;;		line 14 in file "C:\Program Files (x86)\Microchip\xc8\v1.33\sources\pic18\plib\SPI\spi_open.c"
   465 ;; Parameters:    Size  Location     Type
   466 ;;  sync_mode       1    wreg     unsigned char 
   467 ;;  bus_mode        1   31[COMRAM] unsigned char 
   468 ;;  smp_phase       1   32[COMRAM] unsigned char 
   469 ;; Auto vars:     Size  Location     Type
   470 ;;  sync_mode       1   33[COMRAM] unsigned char 
   471 ;; Return value:  Size  Location     Type
   472 ;;		None               void
   473 ;; Registers used:
   474 ;;		wreg, status,2, status,0
   475 ;; Tracked objects:
   476 ;;		On entry : 0/0
   477 ;;		On exit  : 0/0
   478 ;;		Unchanged: 0/0
   479 ;; Data sizes:     COMRAM   BANK0   BANK1   BANK2   BANK3   BANK4   BANK5   BANK6   BANK7
   480 ;;      Params:         2       0       0       0       0       0       0       0       0
   481 ;;      Locals:         1       0       0       0       0       0       0       0       0
   482 ;;      Temps:          0       0       0       0       0       0       0       0       0
   483 ;;      Totals:         3       0       0       0       0       0       0       0       0
   484 ;;Total ram usage:        3 bytes
   485 ;; Hardware stack levels used:    1
   486 ;; Hardware stack levels required when called:    2
   487 ;; This function calls:
   488 ;;		Nothing
   489 ;; This function is called by:
   490 ;;		_main
   491 ;; This function uses a non-reentrant model
   492 ;;
   493                           
   494                           	psect	text3
   495  00010E                     __ptext3:
   496                           	opt stack 0
   497  00010E                     _OpenSPI:
   498                           	opt stack 27
   499                           
   500                           ;incstack = 0
   501                           ;OpenSPI@sync_mode stored from wreg
   502  00010E  6E22               	movwf	OpenSPI@sync_mode,c
   503  000110  0E3F               	movlw	63
   504  000112  16C7               	andwf	4039,f,c	;volatile
   505  000114  0E00               	movlw	0
   506  000116  6EC6               	movwf	4038,c	;volatile
   507  000118  5022               	movf	OpenSPI@sync_mode,w,c
   508  00011A  12C6               	iorwf	4038,f,c	;volatile
   509  00011C  5021               	movf	OpenSPI@smp_phase,w,c
   510  00011E  12C7               	iorwf	4039,f,c	;volatile
   511  000120  D005               	goto	l707
   512  000122                     l85:
   513  000122  8CC7               	bsf	4039,6,c	;volatile
   514  000124  D013               	goto	l711
   515  000126                     l87:
   516  000126  8CC7               	bsf	4039,6,c	;volatile
   517  000128                     l88:
   518  000128  88C6               	bsf	4038,4,c	;volatile
   519  00012A  D010               	goto	l711
   520  00012C                     l707:
   521  00012C  5020               	movf	OpenSPI@bus_mode,w,c
   522                           
   523                           ; Switch size 1, requested type "space"
   524                           ; Number of cases is 3, Range of values is 0 to 3
   525                           ; switch strategies available:
   526                           ; Name         Instructions Cycles
   527                           ; simple_byte           10     6 (average)
   528                           ;	Chosen strategy is simple_byte
   529  00012E  0A00               	xorlw	0	; case 0
   530  000130  B4D8               	btfsc	status,2,c
   531  000132  D7F7               	goto	l85
   532  000134  0A02               	xorlw	2	; case 2
   533  000136  B4D8               	btfsc	status,2,c
   534  000138  D7F6               	goto	l87
   535  00013A  0A01               	xorlw	1	; case 3
   536  00013C  B4D8               	btfsc	status,2,c
   537  00013E  D7F4               	goto	l88
   538  000140  D005               	goto	l711
   539  000142                     l91:
   540  000142  8A92               	bsf	3986,5,c	;volatile
   541  000144                     l93:
   542  000144  8293               	bsf	3987,1,c	;volatile
   543  000146  D00A               	goto	l92
   544  000148                     l94:
   545  000148  9293               	bcf	3987,1,c	;volatile
   546  00014A  D008               	goto	l92
   547  00014C                     l711:
   548  00014C  5022               	movf	OpenSPI@sync_mode,w,c
   549                           
   550                           ; Switch size 1, requested type "space"
   551                           ; Number of cases is 2, Range of values is 4 to 5
   552                           ; switch strategies available:
   553                           ; Name         Instructions Cycles
   554                           ; simple_byte            7     4 (average)
   555                           ;	Chosen strategy is simple_byte
   556  00014E  0A04               	xorlw	4	; case 4
   557  000150  B4D8               	btfsc	status,2,c
   558  000152  D7F7               	goto	l91
   559  000154  0A01               	xorlw	1	; case 5
   560  000156  B4D8               	btfsc	status,2,c
   561  000158  D7F5               	goto	l93
   562  00015A  D7F6               	goto	l94
   563  00015C                     l92:
   564  00015C  8093               	bsf	3987,0,c	;volatile
   565  00015E  9E94               	bcf	3988,7,c	;volatile
   566  000160  8AC6               	bsf	4038,5,c	;volatile
   567  000162  0012               	return	
   568  000164                     __end_of_OpenSPI:
   569                           	opt stack 0
   570                           pclatu	equ	0xFFB
   571                           pclath	equ	0xFFA
   572                           tblptru	equ	0xFF8
   573                           tblptrh	equ	0xFF7
   574                           tblptrl	equ	0xFF6
   575                           tablat	equ	0xFF5
   576                           prodh	equ	0xFF4
   577                           prodl	equ	0xFF3
   578                           fsr0h	equ	0xFEA
   579                           fsr0l	equ	0xFE9
   580                           wreg	equ	0xFE8
   581                           fsr1h	equ	0xFE2
   582                           fsr1l	equ	0xFE1
   583                           bsr	equ	0xFE0
   584                           fsr2h	equ	0xFDA
   585                           fsr2l	equ	0xFD9
   586                           status	equ	0xFD8
   587                           
   588 ;; *************** function _high_isr *****************
   589 ;; Defined at:
   590 ;;		line 27 in file "interrupts.c"
   591 ;; Parameters:    Size  Location     Type
   592 ;;		None
   593 ;; Auto vars:     Size  Location     Type
   594 ;;		None
   595 ;; Return value:  Size  Location     Type
   596 ;;		None               void
   597 ;; Registers used:
   598 ;;		None
   599 ;; Tracked objects:
   600 ;;		On entry : 0/0
   601 ;;		On exit  : 0/0
   602 ;;		Unchanged: 0/0
   603 ;; Data sizes:     COMRAM   BANK0   BANK1   BANK2   BANK3   BANK4   BANK5   BANK6   BANK7
   604 ;;      Params:         0       0       0       0       0       0       0       0       0
   605 ;;      Locals:         0       0       0       0       0       0       0       0       0
   606 ;;      Temps:         14       0       0       0       0       0       0       0       0
   607 ;;      Totals:        14       0       0       0       0       0       0       0       0
   608 ;;Total ram usage:       14 bytes
   609 ;; Hardware stack levels used:    1
   610 ;; This function calls:
   611 ;;		Nothing
   612 ;; This function is called by:
   613 ;;		Interrupt level 2
   614 ;; This function uses a non-reentrant model
   615 ;;
   616                           
   617                           	psect	intcode
   618  000008                     __pintcode:
   619                           	opt stack 0
   620  000008                     _high_isr:
   621                           	opt stack 26
   622                           
   623                           ;incstack = 0
   624  000008  CFFA F012          	movff	pclath,??_high_isr
   625  00000C  CFFB F013          	movff	pclatu,??_high_isr+1
   626  000010  CFE9 F014          	movff	fsr0l,??_high_isr+2
   627  000014  ED53  F000         	call	int_func,f	;refresh shadow registers
   628                           pclatu	equ	0xFFB
   629                           pclath	equ	0xFFA
   630                           tblptru	equ	0xFF8
   631                           tblptrh	equ	0xFF7
   632                           tblptrl	equ	0xFF6
   633                           tablat	equ	0xFF5
   634                           prodh	equ	0xFF4
   635                           prodl	equ	0xFF3
   636                           fsr0h	equ	0xFEA
   637                           fsr0l	equ	0xFE9
   638                           wreg	equ	0xFE8
   639                           fsr1h	equ	0xFE2
   640                           fsr1l	equ	0xFE1
   641                           bsr	equ	0xFE0
   642                           fsr2h	equ	0xFDA
   643                           fsr2l	equ	0xFD9
   644                           status	equ	0xFD8
   645                           
   646                           	psect	intcode_body
   647  0000A6                     __pintcode_body:
   648                           	opt stack 26
   649  0000A6                     int_func:
   650                           	opt stack 26
   651  0000A6  0006               	pop		; remove dummy address from shadow register refresh
   652  0000A8  CFEA F015          	movff	fsr0h,??_high_isr+3
   653  0000AC  CFE1 F016          	movff	fsr1l,??_high_isr+4
   654  0000B0  CFE2 F017          	movff	fsr1h,??_high_isr+5
   655  0000B4  CFD9 F018          	movff	fsr2l,??_high_isr+6
   656  0000B8  CFDA F019          	movff	fsr2h,??_high_isr+7
   657  0000BC  CFF3 F01A          	movff	prodl,??_high_isr+8
   658  0000C0  CFF4 F01B          	movff	prodh,??_high_isr+9
   659  0000C4  CFF6 F01C          	movff	tblptrl,??_high_isr+10
   660  0000C8  CFF7 F01D          	movff	tblptrh,??_high_isr+11
   661  0000CC  CFF8 F01E          	movff	tblptru,??_high_isr+12
   662  0000D0  CFF5 F01F          	movff	tablat,??_high_isr+13
   663  0000D4  C01F  FFF5         	movff	??_high_isr+13,tablat
   664  0000D8  C01E  FFF8         	movff	??_high_isr+12,tblptru
   665  0000DC  C01D  FFF7         	movff	??_high_isr+11,tblptrh
   666  0000E0  C01C  FFF6         	movff	??_high_isr+10,tblptrl
   667  0000E4  C01B  FFF4         	movff	??_high_isr+9,prodh
   668  0000E8  C01A  FFF3         	movff	??_high_isr+8,prodl
   669  0000EC  C019  FFDA         	movff	??_high_isr+7,fsr2h
   670  0000F0  C018  FFD9         	movff	??_high_isr+6,fsr2l
   671  0000F4  C017  FFE2         	movff	??_high_isr+5,fsr1h
   672  0000F8  C016  FFE1         	movff	??_high_isr+4,fsr1l
   673  0000FC  C015  FFEA         	movff	??_high_isr+3,fsr0h
   674  000100  C014  FFE9         	movff	??_high_isr+2,fsr0l
   675  000104  C013  FFFB         	movff	??_high_isr+1,pclatu
   676  000108  C012  FFFA         	movff	??_high_isr,pclath
   677  00010C  0011               	retfie		f
   678  00010E                     __end_of_high_isr:
   679                           	opt stack 0
   680  0000                     pclatu	equ	0xFFB
   681                           pclath	equ	0xFFA
   682                           tblptru	equ	0xFF8
   683                           tblptrh	equ	0xFF7
   684                           tblptrl	equ	0xFF6
   685                           tablat	equ	0xFF5
   686                           prodh	equ	0xFF4
   687                           prodl	equ	0xFF3
   688                           fsr0h	equ	0xFEA
   689                           fsr0l	equ	0xFE9
   690                           wreg	equ	0xFE8
   691                           fsr1h	equ	0xFE2
   692                           fsr1l	equ	0xFE1
   693                           bsr	equ	0xFE0
   694                           fsr2h	equ	0xFDA
   695                           fsr2l	equ	0xFD9
   696                           status	equ	0xFD8
   697                           pclatu	equ	0xFFB
   698                           pclath	equ	0xFFA
   699                           tblptru	equ	0xFF8
   700                           tblptrh	equ	0xFF7
   701                           tblptrl	equ	0xFF6
   702                           tablat	equ	0xFF5
   703                           prodh	equ	0xFF4
   704                           prodl	equ	0xFF3
   705                           fsr0h	equ	0xFEA
   706                           fsr0l	equ	0xFE9
   707                           wreg	equ	0xFE8
   708                           fsr1h	equ	0xFE2
   709                           fsr1l	equ	0xFE1
   710                           bsr	equ	0xFE0
   711                           fsr2h	equ	0xFDA
   712                           fsr2l	equ	0xFD9
   713                           status	equ	0xFD8
   714                           
   715                           	psect	rparam
   716  0000                     pclatu	equ	0xFFB
   717                           pclath	equ	0xFFA
   718                           tblptru	equ	0xFF8
   719                           tblptrh	equ	0xFF7
   720                           tblptrl	equ	0xFF6
   721                           tablat	equ	0xFF5
   722                           prodh	equ	0xFF4
   723                           prodl	equ	0xFF3
   724                           fsr0h	equ	0xFEA
   725                           fsr0l	equ	0xFE9
   726                           wreg	equ	0xFE8
   727                           fsr1h	equ	0xFE2
   728                           fsr1l	equ	0xFE1
   729                           bsr	equ	0xFE0
   730                           fsr2h	equ	0xFDA
   731                           fsr2l	equ	0xFD9
   732                           status	equ	0xFD8


Data Sizes:
    Strings     0
    Constant    0
    Data        0
    BSS         0
    Persistent  0
    Stack       0

Auto Spaces:
    Space          Size  Autos    Used
    COMRAM           95     34      34
    BANK0           160      0       0
    BANK1           256      0       0
    BANK2           256      0       0
    BANK3           239      0       0
    BANK4           256      0       0
    BANK5           256      0       0
    BANK6           256      0       0
    BANK7           256      0       0

Pointer List with Targets:

    None.

Critical Paths under _main in COMRAM

    _main->_OpenSPI
    _main->_send_data
    _send_data->_WriteSPI

Critical Paths under _high_isr in COMRAM

    None.

Critical Paths under _low_isr in COMRAM

    None.

Critical Paths under _main in BANK0

    None.

Critical Paths under _high_isr in BANK0

    None.

Critical Paths under _low_isr in BANK0

    None.

Critical Paths under _main in BANK1

    None.

Critical Paths under _high_isr in BANK1

    None.

Critical Paths under _low_isr in BANK1

    None.

Critical Paths under _main in BANK2

    None.

Critical Paths under _high_isr in BANK2

    None.

Critical Paths under _low_isr in BANK2

    None.

Critical Paths under _main in BANK3

    None.

Critical Paths under _high_isr in BANK3

    None.

Critical Paths under _low_isr in BANK3

    None.

Critical Paths under _main in BANK4

    None.

Critical Paths under _high_isr in BANK4

    None.

Critical Paths under _low_isr in BANK4

    None.

Critical Paths under _main in BANK5

    None.

Critical Paths under _high_isr in BANK5

    None.

Critical Paths under _low_isr in BANK5

    None.

Critical Paths under _main in BANK6

    None.

Critical Paths under _high_isr in BANK6

    None.

Critical Paths under _low_isr in BANK6

    None.

Critical Paths under _main in BANK7

    None.

Critical Paths under _high_isr in BANK7

    None.

Critical Paths under _low_isr in BANK7

    None.

Call Graph Tables:

 ---------------------------------------------------------------------------------
 (Depth) Function   	        Calls       Base Space   Used Autos Params    Refs
 ---------------------------------------------------------------------------------
 (0) _main                                                 0     0      0     143
                            _OpenSPI
                          _send_data
 ---------------------------------------------------------------------------------
 (1) _send_data                                            2     2      0      15
                                             33 COMRAM     1     1      0
                           _WriteSPI
 ---------------------------------------------------------------------------------
 (2) _WriteSPI                                             2     2      0      15
                                             31 COMRAM     2     2      0
 ---------------------------------------------------------------------------------
 (1) _OpenSPI                                              3     1      2     128
                                             31 COMRAM     3     1      2
 ---------------------------------------------------------------------------------
 Estimated maximum stack depth 2
 ---------------------------------------------------------------------------------
 (Depth) Function   	        Calls       Base Space   Used Autos Params    Refs
 ---------------------------------------------------------------------------------
 (3) _low_isr                                             17    17      0       0
                                              0 COMRAM    17    17      0
 ---------------------------------------------------------------------------------
 Estimated maximum stack depth 3
 ---------------------------------------------------------------------------------
 (Depth) Function   	        Calls       Base Space   Used Autos Params    Refs
 ---------------------------------------------------------------------------------
 (4) _high_isr                                            14    14      0       0
                                             17 COMRAM    14    14      0
 ---------------------------------------------------------------------------------
 Estimated maximum stack depth 4
 ---------------------------------------------------------------------------------

 Call Graph Graphs:

 _main (ROOT)
   _OpenSPI
   _send_data
     _WriteSPI

 _low_isr (ROOT)

 _high_isr (ROOT)

 Address spaces:
Name               Size   Autos  Total    Cost      Usage
BITCOMRAM           5F      0       0       0        0.0%
EEDATA             100      0       0       0        0.0%
NULL                 0      0       0       0        0.0%
CODE                 0      0       0       0        0.0%
COMRAM              5F     22      22       1       35.8%
STACK                0      0       0       2        0.0%
DATA                 0      0       0       3        0.0%
BITBANK0            A0      0       0       4        0.0%
BANK0               A0      0       0       5        0.0%
BITBANK1           100      0       0       6        0.0%
BANK1              100      0       0       7        0.0%
BITBANK2           100      0       0       8        0.0%
BANK2              100      0       0       9        0.0%
BANK3               EF      0       0      10        0.0%
ABS                  0      0       0      11        0.0%
BITBANK3            EF      0       0      12        0.0%
BITBANK4           100      0       0      13        0.0%
BANK4              100      0       0      14        0.0%
BITBANK5           100      0       0      15        0.0%
BANK5              100      0       0      16        0.0%
BITBANK6           100      0       0      17        0.0%
BANK6              100      0       0      18        0.0%
BITBANK7           100      0       0      19        0.0%
BANK7              100      0       0      20        0.0%
BIGRAM_1           400      0       0      21        0.0%
BIGRAM             3EE      0       0      22        0.0%
BITSFR_5             0      0       0      40        0.0%
SFR_5                0      0       0      40        0.0%
BITSFR_4             0      0       0      40        0.0%
SFR_4                0      0       0      40        0.0%
BITSFR_3             0      0       0      40        0.0%
SFR_3                0      0       0      40        0.0%
BITSFR_2             0      0       0      40        0.0%
SFR_2                0      0       0      40        0.0%
BITSFR_1             0      0       0      40        0.0%
SFR_1                0      0       0      40        0.0%
BITSFR               0      0       0      40        0.0%
SFR                  0      0       0      40        0.0%


Microchip Technology PIC18 Macro Assembler V1.33 build 59893 
Symbol Table                                                                                   Thu Feb 26 17:15:05 2015

            _SSPSTATbits 000FC7                       l91 0142                       l92 015C  
                     l93 0144                       l85 0122                       l94 0148  
                     l87 0126                       l88 0128                       u67 0198  
                     bsr 000FE0              __CFG_BORV$0 000000             __CFG_CP0$OFF 000000  
           __CFG_CP1$OFF 000000             __CFG_CP2$OFF 000000             __CFG_CP3$OFF 000000  
            __CFG_LVP$ON 000000                      l107 01BC                      l109 01B8  
                    l711 014C                      l707 012C             __CFG_CPB$OFF 000000  
           __CFG_CPD$OFF 000000             __CFG_BOR$OFF 000000                      wreg 000FE8  
           __CFG_WDT$OFF 000000             __CFG_WDTPS$1 000000                     _main 0164  
                   fsr0h 000FEA                     fsr1h 000FE2                     fsr0l 000FE9  
                   fsr2h 000FDA                     fsr1l 000FE1                     fsr2l 000FD9  
                   pclat 000FFA                     prodh 000FF4                     prodl 000FF3  
                   start 00A2            __CFG_IESO$OFF 000000            __CFG_MCLRE$ON 000000  
        __end_of_OpenSPI 0164            __CFG_PLLDIV$1 000000           __CFG_CCP2MX$ON 000000  
                  ?_main 0001                    _CMCON 000FB4                    _PORTD 000F83  
          __CFG_USBDIV$1 000000                    _TRISA 000F92                    _TRISB 000F93  
                  _TRISC 000F94                    _TRISD 000F95            __CFG_PWRT$OFF 000000  
          __CFG_WRT0$OFF 000000            __CFG_WRT1$OFF 000000            __CFG_WRT2$OFF 000000  
          __CFG_WRT3$OFF 000000           __CFG_EBTR0$OFF 000000           __CFG_FCMEN$OFF 000000  
         __CFG_EBTR1$OFF 000000           __CFG_EBTR2$OFF 000000           __CFG_EBTR3$OFF 000000  
          __CFG_WRTB$OFF 000000            __CFG_WRTC$OFF 000000            __CFG_WRTD$OFF 000000  
         __CFG_EBTRB$OFF 000000          __end_of_low_isr 00A2                    tablat 000FF5  
                  status 000FD8           __CFG_ICPRT$OFF 000000          __initialization 01BE  
           __end_of_main 0186                   ??_main 0023            __activetblptr 000002  
                 _ADCON0 000FC2                   _ADCON1 000FC1         __end_of_WriteSPI 01BE  
                 _SPPCON 000F65                   _SSPBUF 000FC9                ??_OpenSPI 0022  
         __CFG_XINST$OFF 000000         __end_of_high_isr 010E          WriteSPI@TempVar 0020  
              ??_low_isr 0001                   tblptrh 000FF7                   tblptrl 000FF6  
                 tblptru 000FF8               __accesstop 0060  __end_of__initialization 01BE  
        __CFG_PBADEN$OFF 000000           __pcstackCOMRAM 0001       __size_of_send_data 0020  
              ?_WriteSPI 0001                  _SSPCON1 000FC6                ?_high_isr 0001  
                _SSPSTAT 000FC7          __CFG_VREGEN$OFF 000000                  _OpenSPI 010E  
                __Hparam 0000                  __Lparam 0000          __CFG_STVREN$OFF 000000  
                __pcinit 01BE                  __ramtop 0800               ??_WriteSPI 0020  
                __ptext0 0164                  __ptext1 0186                  __ptext2 01A6  
                __ptext3 010E                  _low_isr 0018               ??_high_isr 0012  
         __pintcode_body 00A6     end_of_initialization 01BE        __end_of_send_data 01A6  
          __Lmediumconst 0000                  int_func 00A6         WriteSPI@data_out 0021  
              _PORTDbits 000F83                _PORTEbits 000F84                _TRISAbits 000F92  
              _TRISBbits 000F93                _TRISCbits 000F94                _TRISDbits 000F95  
              _TRISEbits 000F96         OpenSPI@smp_phase 0021      start_initialization 01BE  
       OpenSPI@sync_mode 0022         __CFG_LPT1OSC$OFF 000000        __size_of_WriteSPI 0018  
      __size_of_high_isr 0106                 ?_OpenSPI 0020                __pintcode 0008  
            __pintcodelo 0018                 ?_low_isr 0001                _send_data 0186  
               _PIR1bits 000F9E          OpenSPI@bus_mode 0020               ?_send_data 0001  
               __Hrparam 0000                 __Lrparam 0000         __size_of_OpenSPI 0056  
               _WriteSPI 01A6         __size_of_low_isr 008A                 _high_isr 0008  
          __size_of_main 0022         send_data@tx_data 0001    __CFG_CPUDIV$OSC1_PLL2 000000  
               intlevel1 0000                 intlevel2 0000              ??_send_data 0022  
    __CFG_FOSC$INTOSC_HS 000000              _SSPCON1bits 000FC6  
