

Microchip Technology PIC18 LITE Macro Assembler V1.33 build 59893 
                                                                                               Thu Mar 12 18:13:55 2015

Microchip Technology Omniscient Code Generator (Lite mode) build 59893
     1                           	processor	18F4550
     2                           	fnconf	rparam,??,?,0
     3                           	opt	pw 120
     4                           	opt	lm
     5                           	psect	intcodelo,global,reloc=2,class=CODE,delta=1
     6                           	psect	cinit,global,reloc=2,class=CODE,delta=1
     7                           	psect	bssCOMRAM,global,class=COMRAM,space=1,delta=1
     8                           	psect	cstackCOMRAM,global,class=COMRAM,space=1,delta=1
     9                           	psect	text0,global,reloc=2,class=CODE,delta=1
    10                           	psect	text1,global,reloc=2,class=CODE,delta=1
    11                           	psect	text2,global,reloc=2,class=CODE,delta=1
    12                           	psect	text3,global,reloc=2,class=CODE,delta=1
    13                           	psect	text4,global,reloc=2,class=CODE,delta=1
    14                           	psect	intcode,global,reloc=2,class=CODE,delta=1
    15                           	psect	intcode_body,global,reloc=2,class=CODE,delta=1
    16                           	psect	intsave_regs,global,class=BIGRAM,space=1,delta=1
    17                           	psect	rparam,global,class=COMRAM,space=1,delta=1
    18  0000                     _INTCONbits	set	4082
    19  0000                     _LATEbits	set	3981
    20  0000                     _PIR1bits	set	3998
    21  0000                     _PORTEbits	set	3972
    22  0000                     _SSPBUF	set	4041
    23  0000                     _SSPCON1	set	4038
    24  0000                     _SSPCON1bits	set	4038
    25  0000                     _SSPSTAT	set	4039
    26  0000                     _SSPSTATbits	set	4039
    27  0000                     _T0CON	set	4053
    28  0000                     _TRISAbits	set	3986
    29  0000                     _TRISBbits	set	3987
    30  0000                     _TRISCbits	set	3988
    31  0000                     _TRISDbits	set	3989
    32  0000                     _TRISEbits	set	3990
    33                           
    34 ;; *************** function _low_isr *****************
    35 ;; Defined at:
    36 ;;		line 67 in file "interrupts.c"
    37 ;; Parameters:    Size  Location     Type
    38 ;;		None
    39 ;; Auto vars:     Size  Location     Type
    40 ;;		None
    41 ;; Return value:  Size  Location     Type
    42 ;;		None               void
    43 ;; Registers used:
    44 ;;		None
    45 ;; Tracked objects:
    46 ;;		On entry : 0/0
    47 ;;		On exit  : 0/0
    48 ;;		Unchanged: 0/0
    49 ;; Data sizes:     COMRAM   BANK0   BANK1   BANK2   BANK3   BANK4   BANK5   BANK6   BANK7
    50 ;;      Params:         0       0       0       0       0       0       0       0       0
    51 ;;      Locals:         0       0       0       0       0       0       0       0       0
    52 ;;      Temps:         17       0       0       0       0       0       0       0       0
    53 ;;      Totals:        17       0       0       0       0       0       0       0       0
    54 ;;Total ram usage:       17 bytes
    55 ;; Hardware stack levels used:    1
    56 ;; Hardware stack levels required when called:    1
    57 ;; This function calls:
    58 ;;		Nothing
    59 ;; This function is called by:
    60 ;;		Interrupt level 1
    61 ;; This function uses a non-reentrant model
    62 ;;
    63                           
    64                           	psect	intcodelo
    65  000018                     __pintcodelo:
    66                           	opt stack 0
    67                           
    68                           ; #config settings
    69  000018                     _low_isr:
    70                           	opt stack 27
    71                           
    72                           ;incstack = 0
    73  000018  CFD8 F001          	movff	status,??_low_isr
    74  00001C  CFE8 F002          	movff	wreg,??_low_isr+1
    75  000020  CFE0 F003          	movff	bsr,??_low_isr+2
    76  000024  CFFA F004          	movff	pclath,??_low_isr+3
    77  000028  CFFB F005          	movff	pclatu,??_low_isr+4
    78  00002C  CFE9 F006          	movff	fsr0l,??_low_isr+5
    79  000030  CFEA F007          	movff	fsr0h,??_low_isr+6
    80  000034  CFE1 F008          	movff	fsr1l,??_low_isr+7
    81  000038  CFE2 F009          	movff	fsr1h,??_low_isr+8
    82  00003C  CFD9 F00A          	movff	fsr2l,??_low_isr+9
    83  000040  CFDA F00B          	movff	fsr2h,??_low_isr+10
    84  000044  CFF3 F00C          	movff	prodl,??_low_isr+11
    85  000048  CFF4 F00D          	movff	prodh,??_low_isr+12
    86  00004C  CFF6 F00E          	movff	tblptrl,??_low_isr+13
    87  000050  CFF7 F00F          	movff	tblptrh,??_low_isr+14
    88  000054  CFF8 F010          	movff	tblptru,??_low_isr+15
    89  000058  CFF5 F011          	movff	tablat,??_low_isr+16
    90  00005C  C011  FFF5         	movff	??_low_isr+16,tablat
    91  000060  C010  FFF8         	movff	??_low_isr+15,tblptru
    92  000064  C00F  FFF7         	movff	??_low_isr+14,tblptrh
    93  000068  C00E  FFF6         	movff	??_low_isr+13,tblptrl
    94  00006C  C00D  FFF4         	movff	??_low_isr+12,prodh
    95  000070  C00C  FFF3         	movff	??_low_isr+11,prodl
    96  000074  C00B  FFDA         	movff	??_low_isr+10,fsr2h
    97  000078  C00A  FFD9         	movff	??_low_isr+9,fsr2l
    98  00007C  C009  FFE2         	movff	??_low_isr+8,fsr1h
    99  000080  C008  FFE1         	movff	??_low_isr+7,fsr1l
   100  000084  C007  FFEA         	movff	??_low_isr+6,fsr0h
   101  000088  C006  FFE9         	movff	??_low_isr+5,fsr0l
   102  00008C  C005  FFFB         	movff	??_low_isr+4,pclatu
   103  000090  C004  FFFA         	movff	??_low_isr+3,pclath
   104  000094  C003  FFE0         	movff	??_low_isr+2,bsr
   105  000098  C002  FFE8         	movff	??_low_isr+1,wreg
   106  00009C  C001  FFD8         	movff	??_low_isr,status
   107  0000A0  0010               	retfie	
   108  0000A2                     __end_of_low_isr:
   109                           	opt stack 0
   110                           pclatu	equ	0xFFB
   111                           pclath	equ	0xFFA
   112                           tblptru	equ	0xFF8
   113                           tblptrh	equ	0xFF7
   114                           tblptrl	equ	0xFF6
   115                           tablat	equ	0xFF5
   116                           prodh	equ	0xFF4
   117                           prodl	equ	0xFF3
   118                           fsr0h	equ	0xFEA
   119                           fsr0l	equ	0xFE9
   120                           wreg	equ	0xFE8
   121                           fsr1h	equ	0xFE2
   122                           fsr1l	equ	0xFE1
   123                           bsr	equ	0xFE0
   124                           fsr2h	equ	0xFDA
   125                           fsr2l	equ	0xFD9
   126                           status	equ	0xFD8
   127                           
   128                           	psect	cinit
   129  0001DE                     __pcinit:
   130                           	opt stack 0
   131  0001DE                     start_initialization:
   132                           	opt stack 0
   133  0001DE                     __initialization:
   134                           	opt stack 0
   135                           
   136                           ; Clear objects allocated to COMRAM (1 bytes)
   137  0001DE  6A31               	clrf	__pbssCOMRAM& (0+255),c
   138  0001E0                     end_of_initialization:
   139                           	opt stack 0
   140  0001E0                     __end_of__initialization:
   141                           	opt stack 0
   142  0001E0  0E00               	movlw	low (__Lmediumconst shr (0+16))
   143  0001E2  6EF8               	movwf	tblptru,c
   144  0001E4  0100               	movlb	0
   145  0001E6  EFB2  F000         	goto	_main	;jump to C main() function
   146                           pclatu	equ	0xFFB
   147                           pclath	equ	0xFFA
   148                           tblptru	equ	0xFF8
   149                           tblptrh	equ	0xFF7
   150                           tblptrl	equ	0xFF6
   151                           tablat	equ	0xFF5
   152                           prodh	equ	0xFF4
   153                           prodl	equ	0xFF3
   154                           fsr0h	equ	0xFEA
   155                           fsr0l	equ	0xFE9
   156                           wreg	equ	0xFE8
   157                           fsr1h	equ	0xFE2
   158                           fsr1l	equ	0xFE1
   159                           bsr	equ	0xFE0
   160                           fsr2h	equ	0xFDA
   161                           fsr2l	equ	0xFD9
   162                           status	equ	0xFD8
   163                           
   164                           	psect	bssCOMRAM
   165  000031                     __pbssCOMRAM:
   166                           	opt stack 0
   167  000031                     _portValue:
   168                           	opt stack 0
   169  000031                     	ds	1
   170                           pclatu	equ	0xFFB
   171                           pclath	equ	0xFFA
   172                           tblptru	equ	0xFF8
   173                           tblptrh	equ	0xFF7
   174                           tblptrl	equ	0xFF6
   175                           tablat	equ	0xFF5
   176                           prodh	equ	0xFF4
   177                           prodl	equ	0xFF3
   178                           fsr0h	equ	0xFEA
   179                           fsr0l	equ	0xFE9
   180                           wreg	equ	0xFE8
   181                           fsr1h	equ	0xFE2
   182                           fsr1l	equ	0xFE1
   183                           bsr	equ	0xFE0
   184                           fsr2h	equ	0xFDA
   185                           fsr2l	equ	0xFD9
   186                           status	equ	0xFD8
   187                           
   188                           	psect	cstackCOMRAM
   189  000001                     __pcstackCOMRAM:
   190                           	opt stack 0
   191  000001                     ??_low_isr:
   192  000001                     
   193                           ; 1 bytes @ 0x0
   194  000001                     	ds	17
   195  000012                     ??_blinky:
   196                           
   197                           ; 0 bytes @ 0x11
   198  000012                     	ds	14
   199  000020                     ??_high_isr:
   200                           
   201                           ; 0 bytes @ 0x1F
   202  000020                     	ds	14
   203  00002E                     OpenSPI@bus_mode:
   204                           	opt stack 0
   205  00002E                     WriteSPI@TempVar:
   206                           	opt stack 0
   207  00002E                     Delay100TCYx@unit:
   208                           	opt stack 0
   209                           
   210                           ; 1 bytes @ 0x2D
   211  00002E                     	ds	1
   212  00002F                     OpenSPI@smp_phase:
   213                           	opt stack 0
   214  00002F                     WriteSPI@data_out:
   215                           	opt stack 0
   216                           
   217                           ; 1 bytes @ 0x2E
   218  00002F                     	ds	1
   219  000030                     sendByte@byte:
   220                           	opt stack 0
   221  000030                     OpenSPI@sync_mode:
   222                           	opt stack 0
   223                           
   224                           ; 1 bytes @ 0x2F
   225  000030                     	ds	1
   226  000031                     pclatu	equ	0xFFB
   227                           pclath	equ	0xFFA
   228                           tblptru	equ	0xFF8
   229                           tblptrh	equ	0xFF7
   230                           tblptrl	equ	0xFF6
   231                           tablat	equ	0xFF5
   232                           prodh	equ	0xFF4
   233                           prodl	equ	0xFF3
   234                           fsr0h	equ	0xFEA
   235                           fsr0l	equ	0xFE9
   236                           wreg	equ	0xFE8
   237                           fsr1h	equ	0xFE2
   238                           fsr1l	equ	0xFE1
   239                           bsr	equ	0xFE0
   240                           fsr2h	equ	0xFDA
   241                           fsr2l	equ	0xFD9
   242                           status	equ	0xFD8
   243                           
   244                           ; 0 bytes @ 0x30
   245 ;;
   246 ;;Main: autosize = 0, tempsize = 0, incstack = 0, save=0
   247 ;;
   248 ;; *************** function _main *****************
   249 ;; Defined at:
   250 ;;		line 37 in file "mainp18.c"
   251 ;; Parameters:    Size  Location     Type
   252 ;;		None
   253 ;; Auto vars:     Size  Location     Type
   254 ;;		None
   255 ;; Return value:  Size  Location     Type
   256 ;;		None               void
   257 ;; Registers used:
   258 ;;		wreg, status,2, status,0, cstack
   259 ;; Tracked objects:
   260 ;;		On entry : 0/0
   261 ;;		On exit  : 0/0
   262 ;;		Unchanged: 0/0
   263 ;; Data sizes:     COMRAM   BANK0   BANK1   BANK2   BANK3   BANK4   BANK5   BANK6   BANK7
   264 ;;      Params:         0       0       0       0       0       0       0       0       0
   265 ;;      Locals:         0       0       0       0       0       0       0       0       0
   266 ;;      Temps:          0       0       0       0       0       0       0       0       0
   267 ;;      Totals:         0       0       0       0       0       0       0       0       0
   268 ;;Total ram usage:        0 bytes
   269 ;; Hardware stack levels required when called:    4
   270 ;; This function calls:
   271 ;;		_Delay100TCYx
   272 ;;		_OpenSPI
   273 ;;		_sendByte
   274 ;; This function is called by:
   275 ;;		Startup code after reset
   276 ;; This function uses a non-reentrant model
   277 ;;
   278                           
   279                           	psect	text0
   280  000164                     __ptext0:
   281                           	opt stack 0
   282  000164                     _main:
   283                           	opt stack 27
   284                           
   285                           ;mainp18.c: 38: TRISDbits.RD1 = 0;
   286                           
   287                           ;incstack = 0
   288  000164  9295               	bcf	3989,1,c	;volatile
   289                           
   290                           ;mainp18.c: 40: TRISEbits.RE0 = 0;
   291  000166  9096               	bcf	3990,0,c	;volatile
   292                           
   293                           ;mainp18.c: 41: PORTEbits.RE0 = 1;
   294  000168  8084               	bsf	3972,0,c	;volatile
   295                           
   296                           ;mainp18.c: 42: TRISEbits.RE1 = 0;
   297  00016A  9296               	bcf	3990,1,c	;volatile
   298                           
   299                           ;mainp18.c: 47: T0CON = 0b10001000;
   300  00016C  0E88               	movlw	136
   301  00016E  6ED5               	movwf	4053,c	;volatile
   302                           
   303                           ;mainp18.c: 49: INTCONbits.TMR0IE = 1;
   304  000170  8AF2               	bsf	intcon,5,c	;volatile
   305                           
   306                           ;mainp18.c: 50: (INTCONbits.GIE = 1);
   307  000172  8EF2               	bsf	intcon,7,c	;volatile
   308                           
   309                           ;mainp18.c: 52: (SSPCON1 &=0xDF);
   310  000174  9AC6               	bcf	4038,5,c	;volatile
   311                           
   312                           ;mainp18.c: 53: OpenSPI(0b00000010, 0b00000000, 0b00000000);
   313  000176  0E00               	movlw	0
   314  000178  6E2E               	movwf	OpenSPI@bus_mode,c
   315  00017A  0E00               	movlw	0
   316  00017C  6E2F               	movwf	OpenSPI@smp_phase,c
   317  00017E  0E02               	movlw	2
   318  000180  EC87  F000         	call	_OpenSPI
   319                           
   320                           ;mainp18.c: 55: sendByte(0xB7);
   321  000184  0EB7               	movlw	183
   322  000186  ECDD  F000         	call	_sendByte
   323                           
   324                           ;mainp18.c: 57: Delay100TCYx(0x60);
   325  00018A  0E60               	movlw	96
   326  00018C  ECE7  F000         	call	_Delay100TCYx
   327                           
   328                           ;mainp18.c: 58: sendByte(0xB7);
   329  000190  0EB7               	movlw	183
   330  000192  ECDD  F000         	call	_sendByte
   331  000196                     l742:
   332                           
   333                           ;mainp18.c: 62: {
   334                           ;mainp18.c: 63: LATEbits.LATE0 = portValue;
   335  000196  B031               	btfsc	_portValue,0,c
   336  000198  D002               	bra	u55
   337  00019A  908D               	bcf	3981,0,c	;volatile
   338  00019C  D001               	bra	u56
   339  00019E                     u55:
   340  00019E  808D               	bsf	3981,0,c	;volatile
   341  0001A0                     u56:
   342  0001A0  D7FA               	goto	l742
   343  0001A2                     __end_of_main:
   344                           	opt stack 0
   345                           pclatu	equ	0xFFB
   346                           pclath	equ	0xFFA
   347                           tblptru	equ	0xFF8
   348                           tblptrh	equ	0xFF7
   349                           tblptrl	equ	0xFF6
   350                           tablat	equ	0xFF5
   351                           prodh	equ	0xFF4
   352                           prodl	equ	0xFF3
   353                           intcon	equ	0xFF2
   354                           fsr0h	equ	0xFEA
   355                           fsr0l	equ	0xFE9
   356                           wreg	equ	0xFE8
   357                           fsr1h	equ	0xFE2
   358                           fsr1l	equ	0xFE1
   359                           bsr	equ	0xFE0
   360                           fsr2h	equ	0xFDA
   361                           fsr2l	equ	0xFD9
   362                           status	equ	0xFD8
   363                           
   364 ;; *************** function _sendByte *****************
   365 ;; Defined at:
   366 ;;		line 25 in file "mainp18.c"
   367 ;; Parameters:    Size  Location     Type
   368 ;;  byte            1    wreg     unsigned char 
   369 ;; Auto vars:     Size  Location     Type
   370 ;;  byte            1   47[COMRAM] unsigned char 
   371 ;; Return value:  Size  Location     Type
   372 ;;		None               void
   373 ;; Registers used:
   374 ;;		wreg, status,2, cstack
   375 ;; Tracked objects:
   376 ;;		On entry : 0/0
   377 ;;		On exit  : 0/0
   378 ;;		Unchanged: 0/0
   379 ;; Data sizes:     COMRAM   BANK0   BANK1   BANK2   BANK3   BANK4   BANK5   BANK6   BANK7
   380 ;;      Params:         0       0       0       0       0       0       0       0       0
   381 ;;      Locals:         1       0       0       0       0       0       0       0       0
   382 ;;      Temps:          0       0       0       0       0       0       0       0       0
   383 ;;      Totals:         1       0       0       0       0       0       0       0       0
   384 ;;Total ram usage:        1 bytes
   385 ;; Hardware stack levels used:    1
   386 ;; Hardware stack levels required when called:    3
   387 ;; This function calls:
   388 ;;		_WriteSPI
   389 ;; This function is called by:
   390 ;;		_main
   391 ;; This function uses a non-reentrant model
   392 ;;
   393                           
   394                           	psect	text1
   395  0001BA                     __ptext1:
   396                           	opt stack 0
   397  0001BA                     _sendByte:
   398                           	opt stack 27
   399                           
   400                           ;incstack = 0
   401                           ;sendByte@byte stored from wreg
   402  0001BA  6E30               	movwf	sendByte@byte,c
   403                           
   404                           ;mainp18.c: 27: PORTEbits.RE0 = 1;
   405  0001BC  8084               	bsf	3972,0,c	;volatile
   406                           
   407                           ;mainp18.c: 28: PORTEbits.RE1 = 0;
   408  0001BE  9284               	bcf	3972,1,c	;volatile
   409                           
   410                           ;mainp18.c: 30: WriteSPI(byte);
   411  0001C0  5030               	movf	sendByte@byte,w,c
   412  0001C2  ECD1  F000         	call	_WriteSPI
   413                           
   414                           ;mainp18.c: 32: PORTEbits.RE1 = 1;
   415  0001C6  8284               	bsf	3972,1,c	;volatile
   416                           
   417                           ;mainp18.c: 33: PORTEbits.RE1 = 0;
   418  0001C8  9284               	bcf	3972,1,c	;volatile
   419                           
   420                           ;mainp18.c: 34: PORTEbits.RE0 = 0;
   421  0001CA  9084               	bcf	3972,0,c	;volatile
   422  0001CC  0012               	return	
   423  0001CE                     __end_of_sendByte:
   424                           	opt stack 0
   425                           pclatu	equ	0xFFB
   426                           pclath	equ	0xFFA
   427                           tblptru	equ	0xFF8
   428                           tblptrh	equ	0xFF7
   429                           tblptrl	equ	0xFF6
   430                           tablat	equ	0xFF5
   431                           prodh	equ	0xFF4
   432                           prodl	equ	0xFF3
   433                           intcon	equ	0xFF2
   434                           fsr0h	equ	0xFEA
   435                           fsr0l	equ	0xFE9
   436                           wreg	equ	0xFE8
   437                           fsr1h	equ	0xFE2
   438                           fsr1l	equ	0xFE1
   439                           bsr	equ	0xFE0
   440                           fsr2h	equ	0xFDA
   441                           fsr2l	equ	0xFD9
   442                           status	equ	0xFD8
   443                           
   444 ;; *************** function _WriteSPI *****************
   445 ;; Defined at:
   446 ;;		line 13 in file "C:\Program Files (x86)\Microchip\xc8\v1.33\sources\pic18\plib\SPI\spi_writ.c"
   447 ;; Parameters:    Size  Location     Type
   448 ;;  data_out        1    wreg     unsigned char 
   449 ;; Auto vars:     Size  Location     Type
   450 ;;  data_out        1   46[COMRAM] unsigned char 
   451 ;;  TempVar         1   45[COMRAM] unsigned char 
   452 ;; Return value:  Size  Location     Type
   453 ;;                  1    wreg      char 
   454 ;; Registers used:
   455 ;;		wreg
   456 ;; Tracked objects:
   457 ;;		On entry : 0/0
   458 ;;		On exit  : 0/0
   459 ;;		Unchanged: 0/0
   460 ;; Data sizes:     COMRAM   BANK0   BANK1   BANK2   BANK3   BANK4   BANK5   BANK6   BANK7
   461 ;;      Params:         0       0       0       0       0       0       0       0       0
   462 ;;      Locals:         2       0       0       0       0       0       0       0       0
   463 ;;      Temps:          0       0       0       0       0       0       0       0       0
   464 ;;      Totals:         2       0       0       0       0       0       0       0       0
   465 ;;Total ram usage:        2 bytes
   466 ;; Hardware stack levels used:    1
   467 ;; Hardware stack levels required when called:    2
   468 ;; This function calls:
   469 ;;		Nothing
   470 ;; This function is called by:
   471 ;;		_sendByte
   472 ;; This function uses a non-reentrant model
   473 ;;
   474                           
   475                           	psect	text2
   476  0001A2                     __ptext2:
   477                           	opt stack 0
   478  0001A2                     _WriteSPI:
   479                           	opt stack 27
   480                           
   481                           ;incstack = 0
   482                           ;WriteSPI@data_out stored from wreg
   483  0001A2  6E2F               	movwf	WriteSPI@data_out,c
   484  0001A4  CFC9 F02E          	movff	4041,WriteSPI@TempVar	;volatile
   485  0001A8  969E               	bcf	3998,3,c	;volatile
   486  0001AA  9EC6               	bcf	4038,7,c	;volatile
   487  0001AC  C02F  FFC9         	movff	WriteSPI@data_out,4041	;volatile
   488  0001B0  BEC6               	btfsc	4038,7,c	;volatile
   489  0001B2  D002               	goto	l87
   490  0001B4                     l89:
   491  0001B4  A69E               	btfss	3998,3,c	;volatile
   492  0001B6  D7FE               	goto	l89
   493  0001B8                     l87:
   494  0001B8  0012               	return	
   495  0001BA                     __end_of_WriteSPI:
   496                           	opt stack 0
   497                           pclatu	equ	0xFFB
   498                           pclath	equ	0xFFA
   499                           tblptru	equ	0xFF8
   500                           tblptrh	equ	0xFF7
   501                           tblptrl	equ	0xFF6
   502                           tablat	equ	0xFF5
   503                           prodh	equ	0xFF4
   504                           prodl	equ	0xFF3
   505                           intcon	equ	0xFF2
   506                           fsr0h	equ	0xFEA
   507                           fsr0l	equ	0xFE9
   508                           wreg	equ	0xFE8
   509                           fsr1h	equ	0xFE2
   510                           fsr1l	equ	0xFE1
   511                           bsr	equ	0xFE0
   512                           fsr2h	equ	0xFDA
   513                           fsr2l	equ	0xFD9
   514                           status	equ	0xFD8
   515                           
   516 ;; *************** function _OpenSPI *****************
   517 ;; Defined at:
   518 ;;		line 14 in file "C:\Program Files (x86)\Microchip\xc8\v1.33\sources\pic18\plib\SPI\spi_open.c"
   519 ;; Parameters:    Size  Location     Type
   520 ;;  sync_mode       1    wreg     unsigned char 
   521 ;;  bus_mode        1   45[COMRAM] unsigned char 
   522 ;;  smp_phase       1   46[COMRAM] unsigned char 
   523 ;; Auto vars:     Size  Location     Type
   524 ;;  sync_mode       1   47[COMRAM] unsigned char 
   525 ;; Return value:  Size  Location     Type
   526 ;;		None               void
   527 ;; Registers used:
   528 ;;		wreg, status,2, status,0
   529 ;; Tracked objects:
   530 ;;		On entry : 0/0
   531 ;;		On exit  : 0/0
   532 ;;		Unchanged: 0/0
   533 ;; Data sizes:     COMRAM   BANK0   BANK1   BANK2   BANK3   BANK4   BANK5   BANK6   BANK7
   534 ;;      Params:         2       0       0       0       0       0       0       0       0
   535 ;;      Locals:         1       0       0       0       0       0       0       0       0
   536 ;;      Temps:          0       0       0       0       0       0       0       0       0
   537 ;;      Totals:         3       0       0       0       0       0       0       0       0
   538 ;;Total ram usage:        3 bytes
   539 ;; Hardware stack levels used:    1
   540 ;; Hardware stack levels required when called:    2
   541 ;; This function calls:
   542 ;;		Nothing
   543 ;; This function is called by:
   544 ;;		_main
   545 ;; This function uses a non-reentrant model
   546 ;;
   547                           
   548                           	psect	text3
   549  00010E                     __ptext3:
   550                           	opt stack 0
   551  00010E                     _OpenSPI:
   552                           	opt stack 28
   553                           
   554                           ;incstack = 0
   555                           ;OpenSPI@sync_mode stored from wreg
   556  00010E  6E30               	movwf	OpenSPI@sync_mode,c
   557  000110  0E3F               	movlw	63
   558  000112  16C7               	andwf	4039,f,c	;volatile
   559  000114  0E00               	movlw	0
   560  000116  6EC6               	movwf	4038,c	;volatile
   561  000118  5030               	movf	OpenSPI@sync_mode,w,c
   562  00011A  12C6               	iorwf	4038,f,c	;volatile
   563  00011C  502F               	movf	OpenSPI@smp_phase,w,c
   564  00011E  12C7               	iorwf	4039,f,c	;volatile
   565  000120  D005               	goto	l704
   566  000122                     l65:
   567  000122  8CC7               	bsf	4039,6,c	;volatile
   568  000124  D013               	goto	l708
   569  000126                     l67:
   570  000126  8CC7               	bsf	4039,6,c	;volatile
   571  000128                     l68:
   572  000128  88C6               	bsf	4038,4,c	;volatile
   573  00012A  D010               	goto	l708
   574  00012C                     l704:
   575  00012C  502E               	movf	OpenSPI@bus_mode,w,c
   576                           
   577                           ; Switch size 1, requested type "space"
   578                           ; Number of cases is 3, Range of values is 0 to 3
   579                           ; switch strategies available:
   580                           ; Name         Instructions Cycles
   581                           ; simple_byte           10     6 (average)
   582                           ;	Chosen strategy is simple_byte
   583  00012E  0A00               	xorlw	0	; case 0
   584  000130  B4D8               	btfsc	status,2,c
   585  000132  D7F7               	goto	l65
   586  000134  0A02               	xorlw	2	; case 2
   587  000136  B4D8               	btfsc	status,2,c
   588  000138  D7F6               	goto	l67
   589  00013A  0A01               	xorlw	1	; case 3
   590  00013C  B4D8               	btfsc	status,2,c
   591  00013E  D7F4               	goto	l68
   592  000140  D005               	goto	l708
   593  000142                     l71:
   594  000142  8A92               	bsf	3986,5,c	;volatile
   595  000144                     l73:
   596  000144  8293               	bsf	3987,1,c	;volatile
   597  000146  D00A               	goto	l72
   598  000148                     l74:
   599  000148  9293               	bcf	3987,1,c	;volatile
   600  00014A  D008               	goto	l72
   601  00014C                     l708:
   602  00014C  5030               	movf	OpenSPI@sync_mode,w,c
   603                           
   604                           ; Switch size 1, requested type "space"
   605                           ; Number of cases is 2, Range of values is 4 to 5
   606                           ; switch strategies available:
   607                           ; Name         Instructions Cycles
   608                           ; simple_byte            7     4 (average)
   609                           ;	Chosen strategy is simple_byte
   610  00014E  0A04               	xorlw	4	; case 4
   611  000150  B4D8               	btfsc	status,2,c
   612  000152  D7F7               	goto	l71
   613  000154  0A01               	xorlw	1	; case 5
   614  000156  B4D8               	btfsc	status,2,c
   615  000158  D7F5               	goto	l73
   616  00015A  D7F6               	goto	l74
   617  00015C                     l72:
   618  00015C  8093               	bsf	3987,0,c	;volatile
   619  00015E  9E94               	bcf	3988,7,c	;volatile
   620  000160  8AC6               	bsf	4038,5,c	;volatile
   621  000162  0012               	return	
   622  000164                     __end_of_OpenSPI:
   623                           	opt stack 0
   624                           pclatu	equ	0xFFB
   625                           pclath	equ	0xFFA
   626                           tblptru	equ	0xFF8
   627                           tblptrh	equ	0xFF7
   628                           tblptrl	equ	0xFF6
   629                           tablat	equ	0xFF5
   630                           prodh	equ	0xFF4
   631                           prodl	equ	0xFF3
   632                           intcon	equ	0xFF2
   633                           fsr0h	equ	0xFEA
   634                           fsr0l	equ	0xFE9
   635                           wreg	equ	0xFE8
   636                           fsr1h	equ	0xFE2
   637                           fsr1l	equ	0xFE1
   638                           bsr	equ	0xFE0
   639                           fsr2h	equ	0xFDA
   640                           fsr2l	equ	0xFD9
   641                           status	equ	0xFD8
   642                           
   643 ;; *************** function _Delay100TCYx *****************
   644 ;; Defined at:
   645 ;;		line 8 in file "C:\Program Files (x86)\Microchip\xc8\v1.33\sources\pic18\d100tcyx.c"
   646 ;; Parameters:    Size  Location     Type
   647 ;;  unit            1    wreg     unsigned char 
   648 ;; Auto vars:     Size  Location     Type
   649 ;;  unit            1   45[COMRAM] unsigned char 
   650 ;; Return value:  Size  Location     Type
   651 ;;		None               void
   652 ;; Registers used:
   653 ;;		wreg
   654 ;; Tracked objects:
   655 ;;		On entry : 0/0
   656 ;;		On exit  : 0/0
   657 ;;		Unchanged: 0/0
   658 ;; Data sizes:     COMRAM   BANK0   BANK1   BANK2   BANK3   BANK4   BANK5   BANK6   BANK7
   659 ;;      Params:         0       0       0       0       0       0       0       0       0
   660 ;;      Locals:         1       0       0       0       0       0       0       0       0
   661 ;;      Temps:          0       0       0       0       0       0       0       0       0
   662 ;;      Totals:         1       0       0       0       0       0       0       0       0
   663 ;;Total ram usage:        1 bytes
   664 ;; Hardware stack levels used:    1
   665 ;; Hardware stack levels required when called:    2
   666 ;; This function calls:
   667 ;;		Nothing
   668 ;; This function is called by:
   669 ;;		_main
   670 ;; This function uses a non-reentrant model
   671 ;;
   672                           
   673                           	psect	text4
   674  0001CE                     __ptext4:
   675                           	opt stack 0
   676  0001CE                     _Delay100TCYx:
   677                           	opt stack 28
   678                           
   679                           ;incstack = 0
   680                           ;Delay100TCYx@unit stored from wreg
   681  0001CE  6E2E               	movwf	Delay100TCYx@unit,c
   682  0001D0                     l317:
   683  0001D0  0E21               	movlw	33
   684  0001D2                     u67:
   685  0001D2  2EE8               	decfsz	wreg,f,c
   686  0001D4  D7FE               	goto	u67
   687  0001D6  F000               	nop	
   688  0001D8  2E2E               	decfsz	Delay100TCYx@unit,f,c
   689  0001DA  D7FA               	goto	l317
   690  0001DC  0012               	return	
   691  0001DE                     __end_of_Delay100TCYx:
   692                           	opt stack 0
   693                           pclatu	equ	0xFFB
   694                           pclath	equ	0xFFA
   695                           tblptru	equ	0xFF8
   696                           tblptrh	equ	0xFF7
   697                           tblptrl	equ	0xFF6
   698                           tablat	equ	0xFF5
   699                           prodh	equ	0xFF4
   700                           prodl	equ	0xFF3
   701                           intcon	equ	0xFF2
   702                           fsr0h	equ	0xFEA
   703                           fsr0l	equ	0xFE9
   704                           wreg	equ	0xFE8
   705                           fsr1h	equ	0xFE2
   706                           fsr1l	equ	0xFE1
   707                           bsr	equ	0xFE0
   708                           fsr2h	equ	0xFDA
   709                           fsr2l	equ	0xFD9
   710                           status	equ	0xFD8
   711                           
   712 ;; *************** function _blinky *****************
   713 ;; Defined at:
   714 ;;		line 17 in file "mainp18.c"
   715 ;; Parameters:    Size  Location     Type
   716 ;;		None
   717 ;; Auto vars:     Size  Location     Type
   718 ;;		None
   719 ;; Return value:  Size  Location     Type
   720 ;;		None               void
   721 ;; Registers used:
   722 ;;		status,2, status,0
   723 ;; Tracked objects:
   724 ;;		On entry : 0/0
   725 ;;		On exit  : 0/0
   726 ;;		Unchanged: 0/0
   727 ;; Data sizes:     COMRAM   BANK0   BANK1   BANK2   BANK3   BANK4   BANK5   BANK6   BANK7
   728 ;;      Params:         0       0       0       0       0       0       0       0       0
   729 ;;      Locals:         0       0       0       0       0       0       0       0       0
   730 ;;      Temps:         14       0       0       0       0       0       0       0       0
   731 ;;      Totals:        14       0       0       0       0       0       0       0       0
   732 ;;Total ram usage:       14 bytes
   733 ;; Hardware stack levels used:    1
   734 ;; This function calls:
   735 ;;		Nothing
   736 ;; This function is called by:
   737 ;;		Interrupt level 2
   738 ;; This function uses a non-reentrant model
   739 ;;
   740                           
   741 ;; *************** function _high_isr *****************
   742 ;; Defined at:
   743 ;;		line 27 in file "interrupts.c"
   744 ;; Parameters:    Size  Location     Type
   745 ;;		None
   746 ;; Auto vars:     Size  Location     Type
   747 ;;		None
   748 ;; Return value:  Size  Location     Type
   749 ;;		None               void
   750 ;; Registers used:
   751 ;;		None
   752 ;; Tracked objects:
   753 ;;		On entry : 0/0
   754 ;;		On exit  : 0/0
   755 ;;		Unchanged: 0/0
   756 ;; Data sizes:     COMRAM   BANK0   BANK1   BANK2   BANK3   BANK4   BANK5   BANK6   BANK7
   757 ;;      Params:         0       0       0       0       0       0       0       0       0
   758 ;;      Locals:         0       0       0       0       0       0       0       0       0
   759 ;;      Temps:         14       0       0       0       0       0       0       0       0
   760 ;;      Totals:        14       0       0       0       0       0       0       0       0
   761 ;;Total ram usage:       14 bytes
   762 ;; Hardware stack levels used:    1
   763 ;; This function calls:
   764 ;;		Nothing
   765 ;; This function is called by:
   766 ;;		Interrupt level 2
   767 ;; This function uses a non-reentrant model
   768 ;;
   769                           
   770                           	psect	intcode
   771  000008                     __pintcode:
   772                           	opt stack 0
   773  000008                     _blinky:
   774                           	opt stack 27
   775                           
   776                           ;incstack = 0
   777  000008  CFFA F012          	movff	pclath,??_blinky
   778  00000C  CFFB F013          	movff	pclatu,??_blinky+1
   779  000010  CFE9 F014          	movff	fsr0l,??_blinky+2
   780  000014  CFEA F015          	movff	fsr0h,??_blinky+3
   781  000018  CFE1 F016          	movff	fsr1l,??_blinky+4
   782  00001C  CFE2 F017          	movff	fsr1h,??_blinky+5
   783  000020  CFD9 F018          	movff	fsr2l,??_blinky+6
   784  000024  CFDA F019          	movff	fsr2h,??_blinky+7
   785  000028  CFF3 F01A          	movff	prodl,??_blinky+8
   786  00002C  CFF4 F01B          	movff	prodh,??_blinky+9
   787  000030  CFF6 F01C          	movff	tblptrl,??_blinky+10
   788  000034  CFF7 F01D          	movff	tblptrh,??_blinky+11
   789  000038  CFF8 F01E          	movff	tblptru,??_blinky+12
   790  00003C  CFF5 F01F          	movff	tablat,??_blinky+13
   791                           
   792                           ;mainp18.c: 19: if(INTCONbits.TMR0IE && INTCONbits.TMR0IF) {
   793  000040  BAF2               	btfsc	intcon,5,c	;volatile
   794  000042  A4F2               	btfss	intcon,2,c	;volatile
   795  000044  D002               	goto	i2l26
   796                           
   797                           ;mainp18.c: 20: portValue++;
   798  000046  2A31               	incf	_portValue,f,c
   799                           
   800                           ;mainp18.c: 21: INTCONbits.TMR0IF = 0;
   801  000048  94F2               	bcf	intcon,2,c	;volatile
   802  00004A                     i2l26:
   803  00004A  C01F  FFF5         	movff	??_blinky+13,tablat
   804  00004E  C01E  FFF8         	movff	??_blinky+12,tblptru
   805  000052  C01D  FFF7         	movff	??_blinky+11,tblptrh
   806  000056  C01C  FFF6         	movff	??_blinky+10,tblptrl
   807  00005A  C01B  FFF4         	movff	??_blinky+9,prodh
   808  00005E  C01A  FFF3         	movff	??_blinky+8,prodl
   809  000062  C019  FFDA         	movff	??_blinky+7,fsr2h
   810  000066  C018  FFD9         	movff	??_blinky+6,fsr2l
   811  00006A  C017  FFE2         	movff	??_blinky+5,fsr1h
   812  00006E  C016  FFE1         	movff	??_blinky+4,fsr1l
   813  000072  C015  FFEA         	movff	??_blinky+3,fsr0h
   814  000076  C014  FFE9         	movff	??_blinky+2,fsr0l
   815  00007A  C013  FFFB         	movff	??_blinky+1,pclatu
   816  00007E  C012  FFFA         	movff	??_blinky,pclath
   817  000082  0011               	retfie		f
   818  000084                     __end_of_blinky:
   819                           	opt stack 0
   820  000084                     _high_isr:
   821                           	opt stack 27
   822                           
   823                           ;incstack = 0
   824  000084  CFFA F020          	movff	pclath,??_high_isr
   825  000088  CFFB F021          	movff	pclatu,??_high_isr+1
   826  00008C  CFE9 F022          	movff	fsr0l,??_high_isr+2
   827  000090  ED53  F000         	call	int_func,f	;refresh shadow registers
   828                           pclatu	equ	0xFFB
   829                           pclath	equ	0xFFA
   830                           tblptru	equ	0xFF8
   831                           tblptrh	equ	0xFF7
   832                           tblptrl	equ	0xFF6
   833                           tablat	equ	0xFF5
   834                           prodh	equ	0xFF4
   835                           prodl	equ	0xFF3
   836                           intcon	equ	0xFF2
   837                           fsr0h	equ	0xFEA
   838                           fsr0l	equ	0xFE9
   839                           wreg	equ	0xFE8
   840                           fsr1h	equ	0xFE2
   841                           fsr1l	equ	0xFE1
   842                           bsr	equ	0xFE0
   843                           fsr2h	equ	0xFDA
   844                           fsr2l	equ	0xFD9
   845                           status	equ	0xFD8
   846                           
   847                           	psect	intcode_body
   848  0000A6                     __pintcode_body:
   849                           	opt stack 27
   850  0000A6                     int_func:
   851                           	opt stack 27
   852  0000A6  0006               	pop		; remove dummy address from shadow register refresh
   853  0000A8  CFEA F023          	movff	fsr0h,??_high_isr+3
   854  0000AC  CFE1 F024          	movff	fsr1l,??_high_isr+4
   855  0000B0  CFE2 F025          	movff	fsr1h,??_high_isr+5
   856  0000B4  CFD9 F026          	movff	fsr2l,??_high_isr+6
   857  0000B8  CFDA F027          	movff	fsr2h,??_high_isr+7
   858  0000BC  CFF3 F028          	movff	prodl,??_high_isr+8
   859  0000C0  CFF4 F029          	movff	prodh,??_high_isr+9
   860  0000C4  CFF6 F02A          	movff	tblptrl,??_high_isr+10
   861  0000C8  CFF7 F02B          	movff	tblptrh,??_high_isr+11
   862  0000CC  CFF8 F02C          	movff	tblptru,??_high_isr+12
   863  0000D0  CFF5 F02D          	movff	tablat,??_high_isr+13
   864  0000D4  C02D  FFF5         	movff	??_high_isr+13,tablat
   865  0000D8  C02C  FFF8         	movff	??_high_isr+12,tblptru
   866  0000DC  C02B  FFF7         	movff	??_high_isr+11,tblptrh
   867  0000E0  C02A  FFF6         	movff	??_high_isr+10,tblptrl
   868  0000E4  C029  FFF4         	movff	??_high_isr+9,prodh
   869  0000E8  C028  FFF3         	movff	??_high_isr+8,prodl
   870  0000EC  C027  FFDA         	movff	??_high_isr+7,fsr2h
   871  0000F0  C026  FFD9         	movff	??_high_isr+6,fsr2l
   872  0000F4  C025  FFE2         	movff	??_high_isr+5,fsr1h
   873  0000F8  C024  FFE1         	movff	??_high_isr+4,fsr1l
   874  0000FC  C023  FFEA         	movff	??_high_isr+3,fsr0h
   875  000100  C022  FFE9         	movff	??_high_isr+2,fsr0l
   876  000104  C021  FFFB         	movff	??_high_isr+1,pclatu
   877  000108  C020  FFFA         	movff	??_high_isr,pclath
   878  00010C  0011               	retfie		f
   879  00010E                     __end_of_high_isr:
   880                           	opt stack 0
   881  0000                     pclatu	equ	0xFFB
   882                           pclath	equ	0xFFA
   883                           tblptru	equ	0xFF8
   884                           tblptrh	equ	0xFF7
   885                           tblptrl	equ	0xFF6
   886                           tablat	equ	0xFF5
   887                           prodh	equ	0xFF4
   888                           prodl	equ	0xFF3
   889                           intcon	equ	0xFF2
   890                           fsr0h	equ	0xFEA
   891                           fsr0l	equ	0xFE9
   892                           wreg	equ	0xFE8
   893                           fsr1h	equ	0xFE2
   894                           fsr1l	equ	0xFE1
   895                           bsr	equ	0xFE0
   896                           fsr2h	equ	0xFDA
   897                           fsr2l	equ	0xFD9
   898                           status	equ	0xFD8
   899                           pclatu	equ	0xFFB
   900                           pclath	equ	0xFFA
   901                           tblptru	equ	0xFF8
   902                           tblptrh	equ	0xFF7
   903                           tblptrl	equ	0xFF6
   904                           tablat	equ	0xFF5
   905                           prodh	equ	0xFF4
   906                           prodl	equ	0xFF3
   907                           intcon	equ	0xFF2
   908                           fsr0h	equ	0xFEA
   909                           fsr0l	equ	0xFE9
   910                           wreg	equ	0xFE8
   911                           fsr1h	equ	0xFE2
   912                           fsr1l	equ	0xFE1
   913                           bsr	equ	0xFE0
   914                           fsr2h	equ	0xFDA
   915                           fsr2l	equ	0xFD9
   916                           status	equ	0xFD8
   917                           
   918                           	psect	rparam
   919  0000                     pclatu	equ	0xFFB
   920                           pclath	equ	0xFFA
   921                           tblptru	equ	0xFF8
   922                           tblptrh	equ	0xFF7
   923                           tblptrl	equ	0xFF6
   924                           tablat	equ	0xFF5
   925                           prodh	equ	0xFF4
   926                           prodl	equ	0xFF3
   927                           intcon	equ	0xFF2
   928                           fsr0h	equ	0xFEA
   929                           fsr0l	equ	0xFE9
   930                           wreg	equ	0xFE8
   931                           fsr1h	equ	0xFE2
   932                           fsr1l	equ	0xFE1
   933                           bsr	equ	0xFE0
   934                           fsr2h	equ	0xFDA
   935                           fsr2l	equ	0xFD9
   936                           status	equ	0xFD8


Data Sizes:
    Strings     0
    Constant    0
    Data        0
    BSS         1
    Persistent  0
    Stack       0

Auto Spaces:
    Space          Size  Autos    Used
    COMRAM           95     48      49
    BANK0           160      0       0
    BANK1           256      0       0
    BANK2           256      0       0
    BANK3           256      0       0
    BANK4           256      0       0
    BANK5           256      0       0
    BANK6           256      0       0
    BANK7           256      0       0

Pointer List with Targets:

    None.

Critical Paths under _main in COMRAM

    _main->_OpenSPI
    _main->_sendByte
    _sendByte->_WriteSPI

Critical Paths under _blinky in COMRAM

    None.

Critical Paths under _high_isr in COMRAM

    None.

Critical Paths under _low_isr in COMRAM

    None.

Critical Paths under _main in BANK0

    None.

Critical Paths under _blinky in BANK0

    None.

Critical Paths under _high_isr in BANK0

    None.

Critical Paths under _low_isr in BANK0

    None.

Critical Paths under _main in BANK1

    None.

Critical Paths under _blinky in BANK1

    None.

Critical Paths under _high_isr in BANK1

    None.

Critical Paths under _low_isr in BANK1

    None.

Critical Paths under _main in BANK2

    None.

Critical Paths under _blinky in BANK2

    None.

Critical Paths under _high_isr in BANK2

    None.

Critical Paths under _low_isr in BANK2

    None.

Critical Paths under _main in BANK3

    None.

Critical Paths under _blinky in BANK3

    None.

Critical Paths under _high_isr in BANK3

    None.

Critical Paths under _low_isr in BANK3

    None.

Critical Paths under _main in BANK4

    None.

Critical Paths under _blinky in BANK4

    None.

Critical Paths under _high_isr in BANK4

    None.

Critical Paths under _low_isr in BANK4

    None.

Critical Paths under _main in BANK5

    None.

Critical Paths under _blinky in BANK5

    None.

Critical Paths under _high_isr in BANK5

    None.

Critical Paths under _low_isr in BANK5

    None.

Critical Paths under _main in BANK6

    None.

Critical Paths under _blinky in BANK6

    None.

Critical Paths under _high_isr in BANK6

    None.

Critical Paths under _low_isr in BANK6

    None.

Critical Paths under _main in BANK7

    None.

Critical Paths under _blinky in BANK7

    None.

Critical Paths under _high_isr in BANK7

    None.

Critical Paths under _low_isr in BANK7

    None.

Call Graph Tables:

 ---------------------------------------------------------------------------------
 (Depth) Function   	        Calls       Base Space   Used Autos Params    Refs
 ---------------------------------------------------------------------------------
 (0) _main                                                 0     0      0     173
                       _Delay100TCYx
                            _OpenSPI
                           _sendByte
 ---------------------------------------------------------------------------------
 (1) _sendByte                                             1     1      0      30
                                             47 COMRAM     1     1      0
                           _WriteSPI
 ---------------------------------------------------------------------------------
 (2) _WriteSPI                                             2     2      0      15
                                             45 COMRAM     2     2      0
 ---------------------------------------------------------------------------------
 (1) _OpenSPI                                              3     1      2     128
                                             45 COMRAM     3     1      2
 ---------------------------------------------------------------------------------
 (1) _Delay100TCYx                                         1     1      0      15
                                             45 COMRAM     1     1      0
 ---------------------------------------------------------------------------------
 Estimated maximum stack depth 2
 ---------------------------------------------------------------------------------
 (Depth) Function   	        Calls       Base Space   Used Autos Params    Refs
 ---------------------------------------------------------------------------------
 (3) _low_isr                                             17    17      0       0
                                              0 COMRAM    17    17      0
 ---------------------------------------------------------------------------------
 Estimated maximum stack depth 3
 ---------------------------------------------------------------------------------
 (Depth) Function   	        Calls       Base Space   Used Autos Params    Refs
 ---------------------------------------------------------------------------------
 (4) _blinky                                              14    14      0       0
                                             17 COMRAM    14    14      0
 ---------------------------------------------------------------------------------
 Estimated maximum stack depth 4
 ---------------------------------------------------------------------------------
 (Depth) Function   	        Calls       Base Space   Used Autos Params    Refs
 ---------------------------------------------------------------------------------
 (4) _high_isr                                            14    14      0       0
                                             31 COMRAM    14    14      0
 ---------------------------------------------------------------------------------
 Estimated maximum stack depth 4
 ---------------------------------------------------------------------------------

 Call Graph Graphs:

 _main (ROOT)
   _Delay100TCYx
   _OpenSPI
   _sendByte
     _WriteSPI

 _low_isr (ROOT)

 _blinky (ROOT)

 _high_isr (ROOT)

 Address spaces:
Name               Size   Autos  Total    Cost      Usage
BIGRAM             7FF      0       0      21        0.0%
EEDATA             100      0       0       0        0.0%
BITBANK7           100      0       0      18        0.0%
BANK7              100      0       0      19        0.0%
BITBANK6           100      0       0      16        0.0%
BANK6              100      0       0      17        0.0%
BITBANK5           100      0       0      14        0.0%
BANK5              100      0       0      15        0.0%
BITBANK4           100      0       0      12        0.0%
BANK4              100      0       0      13        0.0%
BITBANK3           100      0       0      10        0.0%
BANK3              100      0       0      11        0.0%
BITBANK2           100      0       0       8        0.0%
BANK2              100      0       0       9        0.0%
BITBANK1           100      0       0       6        0.0%
BANK1              100      0       0       7        0.0%
BITBANK0            A0      0       0       4        0.0%
BANK0               A0      0       0       5        0.0%
BITCOMRAM           5F      0       0       0        0.0%
COMRAM              5F     30      31       1       51.6%
BITSFR               0      0       0      40        0.0%
SFR                  0      0       0      40        0.0%
STACK                0      0       0       2        0.0%
NULL                 0      0       0       0        0.0%
ABS                  0      0      31      20        0.0%
DATA                 0      0      31       3        0.0%
CODE                 0      0       0       0        0.0%


Microchip Technology PIC18 Macro Assembler V1.33 build 59893 
Symbol Table                                                                                   Thu Mar 12 18:13:55 2015

            _SSPSTATbits 000FC7                       l71 0142                       l72 015C  
                     l73 0144                       l65 0122                       l74 0148  
                     l67 0126                       l68 0128                       l87 01B8  
                     l89 01B4                       u55 019E                       u56 01A0  
                     u67 01D2                       bsr 000FE0              __CFG_BORV$0 000000  
           __CFG_CP0$OFF 000000             __CFG_CP1$OFF 000000             __CFG_CP2$OFF 000000  
           __CFG_CP3$OFF 000000                      l317 01D0                      l704 012C  
                    l708 014C                      l742 0196             __CFG_CPB$OFF 000000  
           __CFG_CPD$OFF 000000             __CFG_BOR$OFF 000000                      wreg 000FE8  
           __CFG_FOSC$HS 000000             __CFG_LVP$OFF 000000             __CFG_WDT$OFF 000000  
                   i2l26 004A             __CFG_WDTPS$1 000000                     _main 0164  
                   fsr0h 000FEA                     fsr1h 000FE2                     fsr0l 000FE9  
                   fsr2h 000FDA                     fsr1l 000FE1                     fsr2l 000FD9  
                   pclat 000FFA                     prodh 000FF4                     prodl 000FF3  
                   start 00A2            __CFG_IESO$OFF 000000            __CFG_MCLRE$ON 000000  
        __end_of_OpenSPI 0164            __CFG_PLLDIV$1 000000           __CFG_CCP2MX$ON 000000  
                  ?_main 0001    __size_of_Delay100TCYx 0010                    _T0CON 000FD5  
          __CFG_USBDIV$1 000000            __CFG_PWRT$OFF 000000            __CFG_WRT0$OFF 000000  
          __CFG_WRT1$OFF 000000            __CFG_WRT2$OFF 000000            __CFG_WRT3$OFF 000000  
         __CFG_EBTR0$OFF 000000           __CFG_FCMEN$OFF 000000           __CFG_EBTR1$OFF 000000  
         __CFG_EBTR2$OFF 000000           __CFG_EBTR3$OFF 000000            __CFG_WRTB$OFF 000000  
          __CFG_WRTC$OFF 000000            __CFG_WRTD$OFF 000000           __CFG_EBTRB$OFF 000000  
        __end_of_low_isr 00A2                    tablat 000FF5                    status 000FD8  
         __CFG_ICPRT$OFF 000000          __initialization 01DE             _Delay100TCYx 01CE  
           __end_of_main 01A2                   ??_main 0031            __activetblptr 000002  
       __end_of_WriteSPI 01BA                   _SSPBUF 000FC9                ??_OpenSPI 0030  
         __CFG_XINST$OFF 000000         __end_of_high_isr 010E                   _blinky 0008  
        WriteSPI@TempVar 002E         __end_of_sendByte 01CE                ??_low_isr 0001  
                 tblptrh 000FF7                   tblptrl 000FF6                   tblptru 000FF8  
             __accesstop 0060  __end_of__initialization 01E0          __CFG_PBADEN$OFF 000000  
         __pcstackCOMRAM 0001                  ?_blinky 0001                ?_WriteSPI 0001  
                _SSPCON1 000FC6                ?_high_isr 0001                  _SSPSTAT 000FC7  
        __CFG_VREGEN$OFF 000000                ?_sendByte 0001                  _OpenSPI 010E  
                __Hparam 0000                  __Lparam 0000          __size_of_blinky 007C  
        __CFG_STVREN$OFF 000000                  __pcinit 01DE                  __ramtop 0800  
             ??_WriteSPI 002E                  __ptext0 0164                  __ptext1 01BA  
                __ptext2 01A2                  __ptext3 010E                  __ptext4 01CE  
                _low_isr 0018               ??_high_isr 0020           __pintcode_body 00A6  
   end_of_initialization 01E0            __Lmediumconst 0000                  int_func 00A6  
             ??_sendByte 0030         WriteSPI@data_out 002F                _PORTEbits 000F84  
              _TRISAbits 000F92                _TRISBbits 000F93                _TRISCbits 000F94  
              _TRISDbits 000F95                _TRISEbits 000F96         Delay100TCYx@unit 002E  
         __end_of_blinky 0084         OpenSPI@smp_phase 002F      start_initialization 01DE  
       OpenSPI@sync_mode 0030                 ??_blinky 0012         __CFG_LPT1OSC$OFF 000000  
      __size_of_WriteSPI 0018              __pbssCOMRAM 0031        __size_of_high_isr 008A  
               ?_OpenSPI 002E            ?_Delay100TCYx 0001                __pintcode 0008  
      __size_of_sendByte 0014             sendByte@byte 0030              __pintcodelo 0018  
               ?_low_isr 0001                 _LATEbits 000F8D           ??_Delay100TCYx 002E  
               _PIR1bits 000F9E                _portValue 0031          OpenSPI@bus_mode 002E  
               __Hrparam 0000                 __Lrparam 0000         __size_of_OpenSPI 0056  
               _WriteSPI 01A2         __size_of_low_isr 008A                 _high_isr 0084  
          __size_of_main 003E                 _sendByte 01BA    __CFG_CPUDIV$OSC1_PLL2 000000  
             _INTCONbits 000FF2     __end_of_Delay100TCYx 01DE                 intlevel1 0000  
               intlevel2 0000              _SSPCON1bits 000FC6  
